Script started at 2025-03-28 06:55:03
Script started at 2025-03-28 06:55:09
Upload successful. Tables found: BusinessInfo, GeneralRemarks, ProductQuality, ProductQualityCont, SuppliersInfo, StandardComplianceChecklist, SummaryRemarks, ITRFormHistory
Script started at 2025-03-28 06:55:19
Disabled foreign key checks
Found 0 existing records in businessinfo
Re-enabled foreign key checks
Import completed with status: success
Script started at 2025-03-28 06:57:13
Disabled foreign key checks
Found 0 existing records in businessinfo
Re-enabled foreign key checks
Re-enabled foreign key checks
Import completed with status: success
Import completed with status: success
Script started at 2025-03-28 06:57:23
Script started at 2025-03-28 06:57:38
Upload successful. Tables found: BusinessInfo, GeneralRemarks, ProductQuality, ProductQualityCont, SuppliersInfo, StandardComplianceChecklist, SummaryRemarks
Script started at 2025-03-28 06:58:07
Disabled foreign key checks
Found 0 existing records in businessinfo
Re-enabled foreign key checks
Import completed with status: success
Script started at 2025-03-28 06:58:12
Disabled foreign key checks
Disabled foreign key checks
Found 0 existing records in businessinfo
Re-enabled foreign key checks
sinessinfo
Import completed with status: success
Re-enabled foreign key checks
Import completed with status: success
Script started at 2025-03-28 06:58:15
Script started at 2025-03-28 06:58:15
Disabled foreign key checks
Found 0 existing records in businessinfo
Re-enabled foreign key checks
Import completed with status: success
Disabled foreign key checks
Found 0 existing records in businessinfo
Re-enabled foreign key checks
Import completed with status: success
Script started at 2025-03-28 06:58:15
Script started at 2025-03-28 06:58:15
Disabled foreign key checks
Found 0 existing records in businessinfo
Found 0 existing records in businessinfo
Re-enabled foreign key checks
Import completed with status: success
Import completed with status: success
Script started at 2025-03-28 06:58:17
Script started at 2025-03-28 06:58:17
Disabled foreign key checks
Found 0 existing records in businessinfo
Re-enabled foreign key checks
Import completed with status: success
Found 0 existing records in businessinfo
Re-enabled foreign key checks
Import completed with status: success
Import completed with status: success
Script started at 2025-03-28 06:58:17
Disabled foreign key checks
Found 0 existing records in businessinfo
Re-enabled foreign key checks
Import completed with status: success
Script started at 2025-03-28 06:58:17
Disabled foreign key checks
Found 0 existing records in businessinfo
Re-enabled foreign key checks
Import completed with status: success
Script started at 2025-03-28 06:58:17
Disabled foreign key checks
Script started at 2025-03-28 06:58:17
Disabled foreign key checks
Found 0 existing records in businessinfo
Found 0 existing records in businessinfo
Re-enabled foreign key checks
Re-enabled foreign key checks
success
Import completed with status: success
Script started at 2025-03-28 06:58:17
Disabled foreign key checks
Found 0 existing records in businessinfo
Re-enabled foreign key checks
Import completed with status: success
Script started at 2025-03-28 06:58:19
Script started at 2025-03-28 06:58:19
Script started at 2025-03-28 06:58:19
Script started at 2025-03-28 06:58:19
Disabled foreign key checks
Disabled foreign key checks
Script started at 2025-03-28 06:58:19
Found 0 existing records in businessinfo
Found 0 existing records in businessinfo
Re-enabled foreign key checks
Disabled foreign key checks
Disabled foreign key checks
Import completed with status: success
Found 0 existing records in businessinfo
Found 0 existing records in businessinfo
Re-enabled foreign key checks
Disabled foreign key checks
Import completed with status: success
fo
Found 0 existing records in businessinfo
Re-enabled foreign key checks
Script started at 2025-03-28 06:58:19
Import completed with status: success
Disabled foreign key checks
Script started at 2025-03-28 06:58:19
fo
Re-enabled foreign key checks
Import completed with status: success
Script started at 2025-03-28 06:58:19
Found 0 existing records in businessinfo
Re-enabled foreign key checks
Import completed with status: success
Disabled foreign key checks
Found 0 existing records in businessinfo
Script started at 2025-03-28 06:58:19
Re-enabled foreign key checks
Re-enabled foreign key checks
Import completed with status: success
Import completed with status: success
Disabled foreign key checks
Script started at 2025-03-28 06:58:19
Found 0 existing records in businessinfo
Re-enabled foreign key checks
Import completed with status: success
Disabled foreign key checks
Found 0 existing records in businessinfo
Re-enabled foreign key checks
Script started at 2025-03-28 06:58:19
Disabled foreign key checks
Script started at 2025-03-28 06:58:19
Found 0 existing records in businessinfo
Re-enabled foreign key checks
Import completed with status: success
Disabled foreign key checks
Script started at 2025-03-28 06:58:19
Found 0 existing records in businessinfo
Disabled foreign key checks
Found 0 existing records in businessinfo
Re-enabled foreign key checks
Script started at 2025-03-28 06:58:19
Import completed with status: success
Re-enabled foreign key checks
Import completed with status: success
Disabled foreign key checks
Found 0 existing records in businessinfo
Import completed with status: success
Import completed with status: success
Script started at 2025-03-28 06:58:19
Import completed with status: success
Disabled foreign key checks
Found 0 existing records in businessinfo
Re-enabled foreign key checks
Import completed with status: success
Script started at 2025-03-28 06:58:30
Upload successful. Tables found: BusinessInfo, GeneralRemarks, ProductQuality, ProductQualityCont, SuppliersInfo, StandardComplianceChecklist, SummaryRemarks
Script started at 2025-03-28 07:16:59
Script started at 2025-03-28 07:17:08
Script started at 2025-03-28 07:17:13
Script started at 2025-03-28 07:23:06
Script started at 2025-03-28 07:23:11
Upload successful. Tables found: BusinessInfo, GeneralRemarks, ProductQuality, ProductQualityCont, SuppliersInfo, StandardComplianceChecklist, SummaryRemarks, ITRFormHistory
Script started at 2025-03-28 07:23:19
Running in DRY RUN mode - no changes will be made
Disabled foreign key checks
Found 0 existing records in businessinfo
Re-enabled foreign key checks
Import completed with status: success
Script started at 2025-03-28 07:23:24
Running in DRY RUN mode - no changes will be made
Disabled foreign key checks
Found 0 existing records in businessinfo
Re-enabled foreign key checks
hanges will be made
Disabled foreign key checks
Import completed with status: success
Found 0 existing records in businessinfo
Re-enabled foreign key checks
Import completed with status: success
Script started at 2025-03-28 07:23:27
Script started at 2025-03-28 07:23:27
Running in DRY RUN mode - no changes will be made
Disabled foreign key checks
Found 0 existing records in businessinfo
 be made
Script started at 2025-03-28 07:23:27
Re-enabled foreign key checks
Import completed with status: success
Disabled foreign key checks
 changes will be made
Found 0 existing records in businessinfo
Re-enabled foreign key checks
Import completed with status: success
Script started at 2025-03-28 07:23:27
Found 0 existing records in businessinfo
Re-enabled foreign key checks
Running in DRY RUN mode - no changes will be made
Disabled foreign key checks
Found 0 existing records in businessinfo
Re-enabled foreign key checks
Import completed with status: success
Script started at 2025-03-28 07:23:36
Script started at 2025-03-28 07:23:39
Upload successful. Tables found: BusinessInfo, GeneralRemarks, ProductQuality, ProductQualityCont, SuppliersInfo, StandardComplianceChecklist, SummaryRemarks, ITRFormHistory
Script started at 2025-03-28 07:23:55
Disabled foreign key checks
Found 0 existing records in businessinfo
Re-enabled foreign key checks
Import completed with status: success
Script started at 2025-03-28 07:24:25
Script started at 2025-03-28 07:24:25
Disabled foreign key checks
Found 0 existing records in businessinfo
Disabled foreign key checks
s
Import completed with status: success
Found 0 existing records in businessinfo
Re-enabled foreign key checks
Import completed with status: success
Script started at 2025-03-28 07:24:28
Disabled foreign key checks
Found 0 existing records in businessinfo
Re-enabled foreign key checks
Import completed with status: success
Script started at 2025-03-28 07:24:28
Script started at 2025-03-28 07:24:28
Disabled foreign key checks
Found 0 existing records in businessinfo
Script started at 2025-03-28 07:24:28
Re-enabled foreign key checks
Import completed with status: success
Found 0 existing records in businessinfo
Re-enabled foreign key checks
Import completed with status: success
Disabled foreign key checks
Found 0 existing records in businessinfo
Re-enabled foreign key checks
Import completed with status: success
Script started at 2025-03-28 07:24:31
Script started at 2025-03-28 07:30:40
Script started at 2025-03-28 07:30:44
Upload successful. Tables found: BusinessInfo, GeneralRemarks, ProductQuality, ProductQualityCont, SuppliersInfo, StandardComplianceChecklist, SummaryRemarks, ITRFormHistory
Script started at 2025-03-28 07:42:31
Script started at 2025-03-28 07:42:34
Upload successful. Tables found: BusinessInfo, GeneralRemarks, ProductQuality, ProductQualityCont, SuppliersInfo, StandardComplianceChecklist, SummaryRemarks, ITRFormHistory
Script started at 2025-03-28 07:49:02
Script started at 2025-03-28 07:49:05
Upload successful. Tables found: BusinessInfo, GeneralRemarks, ProductQuality, ProductQualityCont, SuppliersInfo, StandardComplianceChecklist, SummaryRemarks
Script started at 2025-03-28 07:49:19
Disabled foreign key checks
Re-enabled foreign key checks
Import completed with status: success
Script started at 2025-03-28 07:49:27
Upload successful. Tables found: BusinessInfo, GeneralRemarks, ProductQuality, ProductQualityCont, SuppliersInfo, StandardComplianceChecklist, SummaryRemarks
Script started at 2025-03-28 07:49:28
Disabled foreign key checks
Re-enabled foreign key checks
Import completed with status: success
Script started at 2025-03-28 07:50:46
Upload successful. Tables found: BusinessInfo, GeneralRemarks, ProductQuality, ProductQualityCont, SuppliersInfo, StandardComplianceChecklist, SummaryRemarks
Script started at 2025-03-28 07:59:06
Script started at 2025-03-28 07:59:09
Upload successful. Tables found: BusinessInfo, GeneralRemarks, ProductQuality, ProductQualityCont, SuppliersInfo, StandardComplianceChecklist, SummaryRemarks
Script started at 2025-03-28 07:59:14
Disabled foreign key checks
Error inserting into businessinfo row 0: Duplicate entry 'ITR-003' for key 'PRIMARY'
SQL: INSERT INTO `businessinfo` (`itr_form_num`,`business_name`,`dealer_operator`,`location`,`in_charge`,`designation`,`date_time`,`sa_no`,`sa_date`,`outlet_class`,`company`,`contact_tel`,`email_add`,`sampling`,`inspector_name`,`createdAt`) VALUES ('ITR-003','KMJS','Petron','Escario St. Cebu City','John Doe','Manager','2025-03-26 13:22:00','SA-001','2025-03-26 01:00:00','COCO','Petron',0912346543,'email@yahoo.com',1,'Odhrey Lao','2025-03-27 05:48:32')
Completed businessinfo with 0 successful inserts
Error inserting into generalremarks row 1: Duplicate entry '398' for key 'PRIMARY'
SQL: INSERT INTO `generalremarks` (`id`,`itr_form_num`,`remarks`,`createdAt`) VALUES ('398bebb3-78ca-4a85-9f3c-0e19b55482d3','ITR-003','Small font size for signage','2025-03-27 05:55:41')
Completed generalremarks with 2 successful inserts
Completed productquality with 3 successful inserts
Completed productqualitycont with 4 successful inserts
Completed suppliersinfo with 5 successful inserts
Error inserting into standardcompliancechecklist row 0: Duplicate entry '920' for key 'PRIMARY'
SQL: INSERT INTO `standardcompliancechecklist` (`id`,`itr_form_num`,`coc_cert`,`coc_cert_remarks`,`coc_posted`,`coc_posted_remarks`,`valid_permit_LGU`,`valid_permit_LGU_remarks`,`valid_permit_BFP`,`valid_permit_BFP_remarks`,`valid_permit_DENR`,`valid_permit_DENR_remarks`,`appropriate_test`,`appropriate_test_remarks`,`week_calib`,`week_calib_remarks`,`outlet_identify`,`outlet_identify_remarks`,`price_display`,`price_display_remarks`,`pdb_entry`,`pdb_entry_remarks`,`pdb_updated`,`pdb_updated_remarks`,`pdb_match`,`pdb_match_remarks`,`ron_label`,`ron_label_remarks`,`e10_label`,`e10_label_remarks`,`biofuels`,`biofuels_remarks`,`consume_safety`,`consume_safety_remarks`,`cel_warn`,`cel_warn_remarks`,`smoke_sign`,`smoke_sign_remarks`,`switch_eng`,`switch_eng_remarks`,`straddle`,`straddle_remarks`,`post_unleaded`,`post_unleaded_remarks`,`post_biodiesel`,`post_biodiesel_remarks`,`issue_receipt`,`issue_receipt_remarks`,`non_refuse_inspect`,`non_refuse_inspect_remarks`,`fixed_dispense`,`fixed_dispense_remarks`,`no_open_flame`,`no_open_flame_remarks`,`max_length_dispense`,`max_length_dispense_remarks`,`peso_display`,`peso_display_remarks`,`pump_island`,`pump_island_remarks`,`lane_oriented_pump`,`lane_oriented_pump_remarks`,`pump_guard`,`pump_guard_remarks`,`m_ingress`,`m_ingress_remarks`,`m_edge`,`m_edge_remarks`,`office_cashier`,`office_cashier_remarks`,`min_canopy`,`min_canopy_remarks`,`boundary_walls`,`boundary_walls_remarks`,`master_switch`,`master_switch_remarks`,`clean_rest`,`clean_rest_remarks`,`underground_storage`,`underground_storage_remarks`,`m_distance`,`m_distance_remarks`,`vent`,`vent_remarks`,`transfer_dispense`,`transfer_dispense_remarks`,`no_drum`,`no_drum_remarks`,`no_hoard`,`no_hoard_remarks`,`free_tire_press`,`free_tire_press_remarks`,`free_water`,`free_water_remarks`,`basic_mechanical`,`basic_mechanical_remarks`,`first_aid`,`first_aid_remarks`,`design_eval`,`design_eval_remarks`,`electric_eval`,`electric_eval_remarks`,`under_deliver`,`under_deliver_remarks`,`createdAt`) VALUES ('920bedd8-6459-4bbf-8bde-7ed3fd665ae8','ITR-003',1,NULL,0,'No coc posted',1,NULL,1,NULL,1,NULL,1,NULL,0,'week calib remarks',1,NULL,1,NULL,1,NULL,0,NULL,1,NULL,1,NULL,0,'no label',1,'biofuels remark',1,NULL,1,NULL,1,NULL,1,NULL,1,NULL,0,'no post',1,'',0,'no receipt',0,NULL,1,NULL,1,NULL,1,NULL,1,NULL,1,NULL,0,'no pump',1,'no pump guard',1,NULL,1,NULL,0,'no cashier',1,'',0,'no boundary walls',1,NULL,1,NULL,0,'no storage',1,NULL,0,'no vent',1,'',1,NULL,0,'there is hoarding',1,NULL,1,NULL,1,NULL,0,'no first aid',1,NULL,1,NULL,1,NULL,'2025-03-27 05:55:41')
Completed standardcompliancechecklist with 5 successful inserts
Completed summaryremarks with 5 successful inserts
Re-enabled foreign key checks
Import completed with status: warning
Script started at 2025-03-28 07:59:15
Disabled foreign key checks
Error inserting into businessinfo row 0: Duplicate entry 'ITR-003' for key 'PRIMARY'
SQL: INSERT INTO `businessinfo` (`itr_form_num`,`business_name`,`dealer_operator`,`location`,`in_charge`,`designation`,`date_time`,`sa_no`,`sa_date`,`outlet_class`,`company`,`contact_tel`,`email_add`,`sampling`,`inspector_name`,`createdAt`) VALUES ('ITR-003','KMJS','Petron','Escario St. Cebu City','John Doe','Manager','2025-03-26 13:22:00','SA-001','2025-03-26 01:00:00','COCO','Petron',0912346543,'email@yahoo.com',1,'Odhrey Lao','2025-03-27 05:48:32')
Completed businessinfo with 0 successful inserts
Error inserting into generalremarks row 1: Duplicate entry '398' for key 'PRIMARY'
SQL: INSERT INTO `generalremarks` (`id`,`itr_form_num`,`remarks`,`createdAt`) VALUES ('398bebb3-78ca-4a85-9f3c-0e19b55482d3','ITR-003','Small font size for signage','2025-03-27 05:55:41')
Completed generalremarks with 2 successful inserts
Completed productquality with 3 successful inserts
Completed productqualitycont with 4 successful inserts
Completed suppliersinfo with 5 successful inserts
Error inserting into standardcompliancechecklist row 0: Duplicate entry '920' for key 'PRIMARY'
SQL: INSERT INTO `standardcompliancechecklist` (`id`,`itr_form_num`,`coc_cert`,`coc_cert_remarks`,`coc_posted`,`coc_posted_remarks`,`valid_permit_LGU`,`valid_permit_LGU_remarks`,`valid_permit_BFP`,`valid_permit_BFP_remarks`,`valid_permit_DENR`,`valid_permit_DENR_remarks`,`appropriate_test`,`appropriate_test_remarks`,`week_calib`,`week_calib_remarks`,`outlet_identify`,`outlet_identify_remarks`,`price_display`,`price_display_remarks`,`pdb_entry`,`pdb_entry_remarks`,`pdb_updated`,`pdb_updated_remarks`,`pdb_match`,`pdb_match_remarks`,`ron_label`,`ron_label_remarks`,`e10_label`,`e10_label_remarks`,`biofuels`,`biofuels_remarks`,`consume_safety`,`consume_safety_remarks`,`cel_warn`,`cel_warn_remarks`,`smoke_sign`,`smoke_sign_remarks`,`switch_eng`,`switch_eng_remarks`,`straddle`,`straddle_remarks`,`post_unleaded`,`post_unleaded_remarks`,`post_biodiesel`,`post_biodiesel_remarks`,`issue_receipt`,`issue_receipt_remarks`,`non_refuse_inspect`,`non_refuse_inspect_remarks`,`fixed_dispense`,`fixed_dispense_remarks`,`no_open_flame`,`no_open_flame_remarks`,`max_length_dispense`,`max_length_dispense_remarks`,`peso_display`,`peso_display_remarks`,`pump_island`,`pump_island_remarks`,`lane_oriented_pump`,`lane_oriented_pump_remarks`,`pump_guard`,`pump_guard_remarks`,`m_ingress`,`m_ingress_remarks`,`m_edge`,`m_edge_remarks`,`office_cashier`,`office_cashier_remarks`,`min_canopy`,`min_canopy_remarks`,`boundary_walls`,`boundary_walls_remarks`,`master_switch`,`master_switch_remarks`,`clean_rest`,`clean_rest_remarks`,`underground_storage`,`underground_storage_remarks`,`m_distance`,`m_distance_remarks`,`vent`,`vent_remarks`,`transfer_dispense`,`transfer_dispense_remarks`,`no_drum`,`no_drum_remarks`,`no_hoard`,`no_hoard_remarks`,`free_tire_press`,`free_tire_press_remarks`,`free_water`,`free_water_remarks`,`basic_mechanical`,`basic_mechanical_remarks`,`first_aid`,`first_aid_remarks`,`design_eval`,`design_eval_remarks`,`electric_eval`,`electric_eval_remarks`,`under_deliver`,`under_deliver_remarks`,`createdAt`) VALUES ('920bedd8-6459-4bbf-8bde-7ed3fd665ae8','ITR-003',1,NULL,0,'No coc posted',1,NULL,1,NULL,1,NULL,1,NULL,0,'week calib remarks',1,NULL,1,NULL,1,NULL,0,NULL,1,NULL,1,NULL,0,'no label',1,'biofuels remark',1,NULL,1,NULL,1,NULL,1,NULL,1,NULL,0,'no post',1,'',0,'no receipt',0,NULL,1,NULL,1,NULL,1,NULL,1,NULL,1,NULL,0,'no pump',1,'no pump guard',1,NULL,1,NULL,0,'no cashier',1,'',0,'no boundary walls',1,NULL,1,NULL,0,'no storage',1,NULL,0,'no vent',1,'',1,NULL,0,'there is hoarding',1,NULL,1,NULL,1,NULL,0,'no first aid',1,NULL,1,NULL,1,NULL,'2025-03-27 05:55:41')
Completed standardcompliancechecklist with 5 successful inserts
Completed summaryremarks with 5 successful inserts
Re-enabled foreign key checks
Import completed with status: warning
